# JRE version: OpenJDK Runtime Environment (8.0_152-b06) (build 1.8.0_152-release-1136-b06)
# Java VM: OpenJDK 64-Bit Server VM (25.152-b06 mixed mode windows-amd64 compressed oops)
Heap:
 PSYoungGen      total 69632K, used 4910K [0x00000000e0000000, 0x00000000e4c80000, 0x0000000100000000)
  eden space 61952K, 0% used [0x00000000e0000000,0x00000000e0000000,0x00000000e3c80000)
  from space 7680K, 63% used [0x00000000e4500000,0x00000000e49cb938,0x00000000e4c80000)
  to   space 8192K, 0% used [0x00000000e3c80000,0x00000000e3c80000,0x00000000e4480000)
 ParOldGen       total 44544K, used 34670K [0x00000000a0000000, 0x00000000a2b80000, 0x00000000e0000000)
  object space 44544K, 77% used [0x00000000a0000000,0x00000000a21dba40,0x00000000a2b80000)
 Metaspace       used 57140K, capacity 58822K, committed 58968K, reserved 1099776K
  class space    used 7788K, capacity 8194K, committed 8320K, reserved 1048576K
GC Heap History (10 events):
Event: 124.682 GC heap after
Heap after GC invocations=24 (full 2):
 PSYoungGen      total 49664K, used 2461K [0x00000000e0000000, 0x00000000e3880000, 0x0000000100000000)
  eden space 43520K, 0% used [0x00000000e0000000,0x00000000e0000000,0x00000000e2a80000)
  from space 6144K, 40% used [0x00000000e3280000,0x00000000e34e7428,0x00000000e3880000)
  to   space 7168K, 0% used [0x00000000e2a80000,0x00000000e2a80000,0x00000000e3180000)
 ParOldGen       total 44544K, used 25687K [0x00000000a0000000, 0x00000000a2b80000, 0x00000000e0000000)
  object space 44544K, 57% used [0x00000000a0000000,0x00000000a1915ec8,0x00000000a2b80000)
 Metaspace       used 46700K, capacity 47638K, committed 47832K, reserved 1091584K
  class space    used 6329K, capacity 6654K, committed 6656K, reserved 1048576K
}
Event: 129.699 GC heap before
{Heap before GC invocations=25 (full 2):
 PSYoungGen      total 49664K, used 45981K [0x00000000e0000000, 0x00000000e3880000, 0x0000000100000000)
  eden space 43520K, 100% used [0x00000000e0000000,0x00000000e2a80000,0x00000000e2a80000)
  from space 6144K, 40% used [0x00000000e3280000,0x00000000e34e7428,0x00000000e3880000)
  to   space 7168K, 0% used [0x00000000e2a80000,0x00000000e2a80000,0x00000000e3180000)
 ParOldGen       total 44544K, used 25687K [0x00000000a0000000, 0x00000000a2b80000, 0x00000000e0000000)
  object space 44544K, 57% used [0x00000000a0000000,0x00000000a1915ec8,0x00000000a2b80000)
 Metaspace       used 50593K, capacity 52030K, committed 52184K, reserved 1093632K
  class space    used 6925K, capacity 7306K, committed 7424K, reserved 1048576K
Event: 129.819 GC heap after
Heap after GC invocations=25 (full 2):
 PSYoungGen      total 50688K, used 4848K [0x00000000e0000000, 0x00000000e4400000, 0x0000000100000000)
  eden space 43520K, 0% used [0x00000000e0000000,0x00000000e0000000,0x00000000e2a80000)
  from space 7168K, 67% used [0x00000000e2a80000,0x00000000e2f3c258,0x00000000e3180000)
  to   space 7680K, 0% used [0x00000000e3c80000,0x00000000e3c80000,0x00000000e4400000)
 ParOldGen       total 44544K, used 26465K [0x00000000a0000000, 0x00000000a2b80000, 0x00000000e0000000)
  object space 44544K, 59% used [0x00000000a0000000,0x00000000a19d8490,0x00000000a2b80000)
 Metaspace       used 50593K, capacity 52030K, committed 52184K, reserved 1093632K
  class space    used 6925K, capacity 7306K, committed 7424K, reserved 1048576K
}
Event: 136.252 GC heap before
{Heap before GC invocations=26 (full 2):
 PSYoungGen      total 50688K, used 48368K [0x00000000e0000000, 0x00000000e4400000, 0x0000000100000000)
  eden space 43520K, 100% used [0x00000000e0000000,0x00000000e2a80000,0x00000000e2a80000)
  from space 7168K, 67% used [0x00000000e2a80000,0x00000000e2f3c258,0x00000000e3180000)
  to   space 7680K, 0% used [0x00000000e3c80000,0x00000000e3c80000,0x00000000e4400000)
 ParOldGen       total 44544K, used 26465K [0x00000000a0000000, 0x00000000a2b80000, 0x00000000e0000000)
  object space 44544K, 59% used [0x00000000a0000000,0x00000000a19d8490,0x00000000a2b80000)
 Metaspace       used 52654K, capacity 54112K, committed 54232K, reserved 1095680K
  class space    used 7201K, capacity 7565K, committed 7680K, reserved 1048576K
Event: 136.303 GC heap after
Heap after GC invocations=26 (full 2):
 PSYoungGen      total 60928K, used 4948K [0x00000000e0000000, 0x00000000e4380000, 0x0000000100000000)
  eden space 53760K, 0% used [0x00000000e0000000,0x00000000e0000000,0x00000000e3480000)
  from space 7168K, 69% used [0x00000000e3c80000,0x00000000e41551e8,0x00000000e4380000)
  to   space 7680K, 0% used [0x00000000e3480000,0x00000000e3480000,0x00000000e3c00000)
 ParOldGen       total 44544K, used 28921K [0x00000000a0000000, 0x00000000a2b80000, 0x00000000e0000000)
  object space 44544K, 64% used [0x00000000a0000000,0x00000000a1c3e4a0,0x00000000a2b80000)
 Metaspace       used 52654K, capacity 54112K, committed 54232K, reserved 1095680K
  class space    used 7201K, capacity 7565K, committed 7680K, reserved 1048576K
}
Event: 149.714 GC heap before
{Heap before GC invocations=27 (full 2):
 PSYoungGen      total 60928K, used 58708K [0x00000000e0000000, 0x00000000e4380000, 0x0000000100000000)
  eden space 53760K, 100% used [0x00000000e0000000,0x00000000e3480000,0x00000000e3480000)
  from space 7168K, 69% used [0x00000000e3c80000,0x00000000e41551e8,0x00000000e4380000)
  to   space 7680K, 0% used [0x00000000e3480000,0x00000000e3480000,0x00000000e3c00000)
 ParOldGen       total 44544K, used 28921K [0x00000000a0000000, 0x00000000a2b80000, 0x00000000e0000000)
  object space 44544K, 64% used [0x00000000a0000000,0x00000000a1c3e4a0,0x00000000a2b80000)
 Metaspace       used 54172K, capacity 55702K, committed 55896K, reserved 1097728K
  class space    used 7357K, capacity 7732K, committed 7808K, reserved 1048576K
Event: 149.760 GC heap after
Heap after GC invocations=27 (full 2):
 PSYoungGen      total 61440K, used 6313K [0x00000000e0000000, 0x00000000e4d00000, 0x0000000100000000)
  eden space 53760K, 0% used [0x00000000e0000000,0x00000000e0000000,0x00000000e3480000)
  from space 7680K, 82% used [0x00000000e3480000,0x00000000e3aaa528,0x00000000e3c00000)
  to   space 8192K, 0% used [0x00000000e4500000,0x00000000e4500000,0x00000000e4d00000)
 ParOldGen       total 44544K, used 32114K [0x00000000a0000000, 0x00000000a2b80000, 0x00000000e0000000)
  object space 44544K, 72% used [0x00000000a0000000,0x00000000a1f5c920,0x00000000a2b80000)
 Metaspace       used 54172K, capacity 55702K, committed 55896K, reserved 1097728K
  class space    used 7357K, capacity 7732K, committed 7808K, reserved 1048576K
}
Event: 156.688 GC heap before
{Heap before GC invocations=28 (full 2):
 PSYoungGen      total 61440K, used 50113K [0x00000000e0000000, 0x00000000e4d00000, 0x0000000100000000)
  eden space 53760K, 81% used [0x00000000e0000000,0x00000000e2ac60b8,0x00000000e3480000)
  from space 7680K, 82% used [0x00000000e3480000,0x00000000e3aaa528,0x00000000e3c00000)
  to   space 8192K, 0% used [0x00000000e4500000,0x00000000e4500000,0x00000000e4d00000)
 ParOldGen       total 44544K, used 32114K [0x00000000a0000000, 0x00000000a2b80000, 0x00000000e0000000)
  object space 44544K, 72% used [0x00000000a0000000,0x00000000a1f5c920,0x00000000a2b80000)
 Metaspace       used 57140K, capacity 58822K, committed 58968K, reserved 1099776K
  class space    used 7788K, capacity 8194K, committed 8320K, reserved 1048576K
Event: 156.718 GC heap after
Heap after GC invocations=28 (full 2):
 PSYoungGen      total 69632K, used 4910K [0x00000000e0000000, 0x00000000e4c80000, 0x0000000100000000)
  eden space 61952K, 0% used [0x00000000e0000000,0x00000000e0000000,0x00000000e3c80000)
  from space 7680K, 63% used [0x00000000e4500000,0x00000000e49cb938,0x00000000e4c80000)
  to   space 8192K, 0% used [0x00000000e3c80000,0x00000000e3c80000,0x00000000e4480000)
 ParOldGen       total 44544K, used 34670K [0x00000000a0000000, 0x00000000a2b80000, 0x00000000e0000000)
  object space 44544K, 77% used [0x00000000a0000000,0x00000000a21dba40,0x00000000a2b80000)
 Metaspace       used 57140K, capacity 58822K, committed 58968K, reserved 1099776K
  class space    used 7788K, capacity 8194K, committed 8320K, reserved 1048576K
}
Event: 156.718 GC heap before
{Heap before GC invocations=29 (full 3):
 PSYoungGen      total 69632K, used 4910K [0x00000000e0000000, 0x00000000e4c80000, 0x0000000100000000)
  eden space 61952K, 0% used [0x00000000e0000000,0x00000000e0000000,0x00000000e3c80000)
  from space 7680K, 63% used [0x00000000e4500000,0x00000000e49cb938,0x00000000e4c80000)
  to   space 8192K, 0% used [0x00000000e3c80000,0x00000000e3c80000,0x00000000e4480000)
 ParOldGen       total 44544K, used 34670K [0x00000000a0000000, 0x00000000a2b80000, 0x00000000e0000000)
  object space 44544K, 77% used [0x00000000a0000000,0x00000000a21dba40,0x00000000a2b80000)
 Metaspace       used 57140K, capacity 58822K, committed 58968K, reserved 1099776K
  class space    used 7788K, capacity 8194K, committed 8320K, reserved 1048576K

