# JRE version: OpenJDK Runtime Environment (8.0_152-b06) (build 1.8.0_152-release-1136-b06)
# Java VM: OpenJDK 64-Bit Server VM (25.152-b06 mixed mode windows-amd64 compressed oops)
Heap:
 PSYoungGen      total 95232K, used 59644K [0x00000000e0000000, 0x00000000e9180000, 0x0000000100000000)
  eden space 88064K, 59% used [0x00000000e0000000,0x00000000e3349ad0,0x00000000e5600000)
  from space 7168K, 99% used [0x00000000e8a80000,0x00000000e91758a0,0x00000000e9180000)
  to   space 10752K, 0% used [0x00000000e7c80000,0x00000000e7c80000,0x00000000e8700000)
 ParOldGen       total 48128K, used 12936K [0x00000000a0000000, 0x00000000a2f00000, 0x00000000e0000000)
  object space 48128K, 26% used [0x00000000a0000000,0x00000000a0ca2330,0x00000000a2f00000)
 Metaspace       used 29522K, capacity 29954K, committed 30208K, reserved 1075200K
  class space    used 4124K, capacity 4282K, committed 4352K, reserved 1048576K
GC Heap History (10 events):
Event: 5.977 GC heap before
{Heap before GC invocations=3 (full 0):
 PSYoungGen      total 35328K, used 35326K [0x00000000e0000000, 0x00000000e2500000, 0x0000000100000000)
  eden space 32768K, 100% used [0x00000000e0000000,0x00000000e2000000,0x00000000e2000000)
  from space 2560K, 99% used [0x00000000e2280000,0x00000000e24ff850,0x00000000e2500000)
  to   space 2560K, 0% used [0x00000000e2000000,0x00000000e2000000,0x00000000e2280000)
 ParOldGen       total 44032K, used 325K [0x00000000a0000000, 0x00000000a2b00000, 0x00000000e0000000)
  object space 44032K, 0% used [0x00000000a0000000,0x00000000a0051770,0x00000000a2b00000)
 Metaspace       used 10811K, capacity 11080K, committed 11264K, reserved 1058816K
  class space    used 1418K, capacity 1518K, committed 1536K, reserved 1048576K
Event: 6.000 GC heap after
Heap after GC invocations=3 (full 0):
 PSYoungGen      total 35328K, used 2544K [0x00000000e0000000, 0x00000000e4500000, 0x0000000100000000)
  eden space 32768K, 0% used [0x00000000e0000000,0x00000000e0000000,0x00000000e2000000)
  from space 2560K, 99% used [0x00000000e2000000,0x00000000e227c030,0x00000000e2280000)
  to   space 2560K, 0% used [0x00000000e4280000,0x00000000e4280000,0x00000000e4500000)
 ParOldGen       total 44032K, used 2963K [0x00000000a0000000, 0x00000000a2b00000, 0x00000000e0000000)
  object space 44032K, 6% used [0x00000000a0000000,0x00000000a02e4e68,0x00000000a2b00000)
 Metaspace       used 10811K, capacity 11080K, committed 11264K, reserved 1058816K
  class space    used 1418K, capacity 1518K, committed 1536K, reserved 1048576K
}
Event: 8.972 GC heap before
{Heap before GC invocations=4 (full 0):
 PSYoungGen      total 35328K, used 35312K [0x00000000e0000000, 0x00000000e4500000, 0x0000000100000000)
  eden space 32768K, 100% used [0x00000000e0000000,0x00000000e2000000,0x00000000e2000000)
  from space 2560K, 99% used [0x00000000e2000000,0x00000000e227c030,0x00000000e2280000)
  to   space 2560K, 0% used [0x00000000e4280000,0x00000000e4280000,0x00000000e4500000)
 ParOldGen       total 44032K, used 2963K [0x00000000a0000000, 0x00000000a2b00000, 0x00000000e0000000)
  object space 44032K, 6% used [0x00000000a0000000,0x00000000a02e4e68,0x00000000a2b00000)
 Metaspace       used 14208K, capacity 14518K, committed 14720K, reserved 1062912K
  class space    used 1981K, capacity 2123K, committed 2176K, reserved 1048576K
Event: 9.004 GC heap after
Heap after GC invocations=4 (full 0):
 PSYoungGen      total 68096K, used 2528K [0x00000000e0000000, 0x00000000e4500000, 0x0000000100000000)
  eden space 65536K, 0% used [0x00000000e0000000,0x00000000e0000000,0x00000000e4000000)
  from space 2560K, 98% used [0x00000000e4280000,0x00000000e44f8020,0x00000000e4500000)
  to   space 2560K, 0% used [0x00000000e4000000,0x00000000e4000000,0x00000000e4280000)
 ParOldGen       total 44032K, used 6842K [0x00000000a0000000, 0x00000000a2b00000, 0x00000000e0000000)
  object space 44032K, 15% used [0x00000000a0000000,0x00000000a06aeb20,0x00000000a2b00000)
 Metaspace       used 14208K, capacity 14518K, committed 14720K, reserved 1062912K
  class space    used 1981K, capacity 2123K, committed 2176K, reserved 1048576K
}
Event: 13.959 GC heap before
{Heap before GC invocations=5 (full 0):
 PSYoungGen      total 68096K, used 53455K [0x00000000e0000000, 0x00000000e4500000, 0x0000000100000000)
  eden space 65536K, 77% used [0x00000000e0000000,0x00000000e31bbe68,0x00000000e4000000)
  from space 2560K, 98% used [0x00000000e4280000,0x00000000e44f8020,0x00000000e4500000)
  to   space 2560K, 0% used [0x00000000e4000000,0x00000000e4000000,0x00000000e4280000)
 ParOldGen       total 44032K, used 6842K [0x00000000a0000000, 0x00000000a2b00000, 0x00000000e0000000)
  object space 44032K, 15% used [0x00000000a0000000,0x00000000a06aeb20,0x00000000a2b00000)
 Metaspace       used 20889K, capacity 21206K, committed 21248K, reserved 1067008K
  class space    used 2910K, capacity 3039K, committed 3072K, reserved 1048576K
Event: 14.005 GC heap after
Heap after GC invocations=5 (full 0):
 PSYoungGen      total 68096K, used 2548K [0x00000000e0000000, 0x00000000e9500000, 0x0000000100000000)
  eden space 65536K, 0% used [0x00000000e0000000,0x00000000e0000000,0x00000000e4000000)
  from space 2560K, 99% used [0x00000000e4000000,0x00000000e427d040,0x00000000e4280000)
  to   space 10752K, 0% used [0x00000000e8a80000,0x00000000e8a80000,0x00000000e9500000)
 ParOldGen       total 44032K, used 13885K [0x00000000a0000000, 0x00000000a2b00000, 0x00000000e0000000)
  object space 44032K, 31% used [0x00000000a0000000,0x00000000a0d8f438,0x00000000a2b00000)
 Metaspace       used 20889K, capacity 21206K, committed 21248K, reserved 1067008K
  class space    used 2910K, capacity 3039K, committed 3072K, reserved 1048576K
}
Event: 14.005 GC heap before
{Heap before GC invocations=6 (full 1):
 PSYoungGen      total 68096K, used 2548K [0x00000000e0000000, 0x00000000e9500000, 0x0000000100000000)
  eden space 65536K, 0% used [0x00000000e0000000,0x00000000e0000000,0x00000000e4000000)
  from space 2560K, 99% used [0x00000000e4000000,0x00000000e427d040,0x00000000e4280000)
  to   space 10752K, 0% used [0x00000000e8a80000,0x00000000e8a80000,0x00000000e9500000)
 ParOldGen       total 44032K, used 13885K [0x00000000a0000000, 0x00000000a2b00000, 0x00000000e0000000)
  object space 44032K, 31% used [0x00000000a0000000,0x00000000a0d8f438,0x00000000a2b00000)
 Metaspace       used 20889K, capacity 21206K, committed 21248K, reserved 1067008K
  class space    used 2910K, capacity 3039K, committed 3072K, reserved 1048576K
Event: 14.260 GC heap after
Heap after GC invocations=6 (full 1):
 PSYoungGen      total 68096K, used 0K [0x00000000e0000000, 0x00000000e9500000, 0x0000000100000000)
  eden space 65536K, 0% used [0x00000000e0000000,0x00000000e0000000,0x00000000e4000000)
  from space 2560K, 0% used [0x00000000e4000000,0x00000000e4000000,0x00000000e4280000)
  to   space 10752K, 0% used [0x00000000e8a80000,0x00000000e8a80000,0x00000000e9500000)
 ParOldGen       total 48128K, used 12928K [0x00000000a0000000, 0x00000000a2f00000, 0x00000000e0000000)
  object space 48128K, 26% used [0x00000000a0000000,0x00000000a0ca0330,0x00000000a2f00000)
 Metaspace       used 20889K, capacity 21206K, committed 21248K, reserved 1067008K
  class space    used 2910K, capacity 3039K, committed 3072K, reserved 1048576K
}
Event: 19.551 GC heap before
{Heap before GC invocations=7 (full 1):
 PSYoungGen      total 68096K, used 65536K [0x00000000e0000000, 0x00000000e9500000, 0x0000000100000000)
  eden space 65536K, 100% used [0x00000000e0000000,0x00000000e4000000,0x00000000e4000000)
  from space 2560K, 0% used [0x00000000e4000000,0x00000000e4000000,0x00000000e4280000)
  to   space 10752K, 0% used [0x00000000e8a80000,0x00000000e8a80000,0x00000000e9500000)
 ParOldGen       total 48128K, used 12928K [0x00000000a0000000, 0x00000000a2f00000, 0x00000000e0000000)
  object space 48128K, 26% used [0x00000000a0000000,0x00000000a0ca0330,0x00000000a2f00000)
 Metaspace       used 26695K, capacity 27126K, committed 27136K, reserved 1073152K
  class space    used 3682K, capacity 3830K, committed 3840K, reserved 1048576K
Event: 19.588 GC heap after
Heap after GC invocations=7 (full 1):
 PSYoungGen      total 95232K, used 7126K [0x00000000e0000000, 0x00000000e9180000, 0x0000000100000000)
  eden space 88064K, 0% used [0x00000000e0000000,0x00000000e0000000,0x00000000e5600000)
  from space 7168K, 99% used [0x00000000e8a80000,0x00000000e91758a0,0x00000000e9180000)
  to   space 10752K, 0% used [0x00000000e7c80000,0x00000000e7c80000,0x00000000e8700000)
 ParOldGen       total 48128K, used 12936K [0x00000000a0000000, 0x00000000a2f00000, 0x00000000e0000000)
  object space 48128K, 26% used [0x00000000a0000000,0x00000000a0ca2330,0x00000000a2f00000)
 Metaspace       used 26695K, capacity 27126K, committed 27136K, reserved 1073152K
  class space    used 3682K, capacity 3830K, committed 3840K, reserved 1048576K
}

